
> vega-trader-frontend@1.0.0 dev
> vite


  [32m[1mVITE[22m v6.4.1[39m  [2mready in [0m[1m962[22m[2m[0m ms[22m

  [32m➜[39m  [1mLocal[22m:   [36mhttp://localhost:[1m5173[22m/[39m
[2m  [32m➜[39m  [1mNetwork[22m[2m: use [22m[1m--host[22m[2m to expose[22m
[2m[32m  ➜[39m[22m[2m  press [22m[1mh + enter[22m[2m to show help[22m
[2m12:30:33 AM[22m [31m[1m[vite][22m[39m [31mhttp proxy error: /api/auth/session[39m
AggregateError [ECONNREFUSED]: 
    at internalConnectMultiple (node:net:1134:18)
    at afterConnectMultiple (node:net:1715:7)
[2m12:30:33 AM[22m [31m[1m[vite][22m[39m [31mhttp proxy error: /api/auth/session[39m
AggregateError [ECONNREFUSED]: 
    at internalConnectMultiple (node:net:1134:18)
    at afterConnectMultiple (node:net:1715:7)
[2m12:30:33 AM[22m [31m[1m[vite][22m[39m [31mhttp proxy error: /api/auth/session[39m
AggregateError [ECONNREFUSED]: 
    at internalConnectMultiple (node:net:1134:18)
    at afterConnectMultiple (node:net:1715:7)
[2m12:30:33 AM[22m [31m[1m[vite][22m[39m [31mhttp proxy error: /api/auth/session[39m
AggregateError [ECONNREFUSED]: 
    at internalConnectMultiple (node:net:1134:18)
    at afterConnectMultiple (node:net:1715:7)
[2m12:32:44 AM[22m [31m[1m[vite][22m[39m [31mhttp proxy error: /api/v1/auth/selenium/login[39m
AggregateError [ECONNREFUSED]: 
    at internalConnectMultiple (node:net:1134:18)
    at afterConnectMultiple (node:net:1715:7)
[2m12:37:00 AM[22m [31m[1m[vite][22m[39m [31mhttp proxy error: /api/auth/session[39m
AggregateError [ECONNREFUSED]: 
    at internalConnectMultiple (node:net:1134:18)
    at afterConnectMultiple (node:net:1715:7)
[2m12:37:00 AM[22m [31m[1m[vite][22m[39m [31mhttp proxy error: /api/auth/session[39m
AggregateError [ECONNREFUSED]: 
    at internalConnectMultiple (node:net:1134:18)
    at afterConnectMultiple (node:net:1715:7)
[2m12:41:25 AM[22m [31m[1m[vite][22m[39m [31mhttp proxy error: /api/auth[39m
AggregateError [ECONNREFUSED]: 
    at internalConnectMultiple (node:net:1134:18)
    at afterConnectMultiple (node:net:1715:7)
[2m12:42:48 AM[22m [36m[1m[vite][22m[39m [90m[2m(client)[22m[39m [32mpage reload [39m[2msrc/main.tsx[22m
[2m12:42:49 AM[22m [31m[1m[vite][22m[39m [31mhttp proxy error: /api/auth/session[39m
AggregateError [ECONNREFUSED]: 
    at internalConnectMultiple (node:net:1134:18)
    at afterConnectMultiple (node:net:1715:7)
[2m12:42:49 AM[22m [31m[1m[vite][22m[39m [31mhttp proxy error: /api/auth/session[39m
AggregateError [ECONNREFUSED]: 
    at internalConnectMultiple (node:net:1134:18)
    at afterConnectMultiple (node:net:1715:7)
[2m12:42:51 AM[22m [31m[1m[vite][22m[39m [31mhttp proxy error: /api/auth/session[39m
AggregateError [ECONNREFUSED]: 
    at internalConnectMultiple (node:net:1134:18)
    at afterConnectMultiple (node:net:1715:7)
[2m12:42:51 AM[22m [31m[1m[vite][22m[39m [31mhttp proxy error: /api/auth/session[39m
AggregateError [ECONNREFUSED]: 
    at internalConnectMultiple (node:net:1134:18)
    at afterConnectMultiple (node:net:1715:7)
[2m12:43:08 AM[22m [31m[1m[vite][22m[39m [31mhttp proxy error: /api/auth/session[39m
AggregateError [ECONNREFUSED]: 
    at internalConnectMultiple (node:net:1134:18)
    at afterConnectMultiple (node:net:1715:7)
[2m12:43:08 AM[22m [31m[1m[vite][22m[39m [31mhttp proxy error: /api/auth/session[39m
AggregateError [ECONNREFUSED]: 
    at internalConnectMultiple (node:net:1134:18)
    at afterConnectMultiple (node:net:1715:7)
[2m12:46:36 AM[22m [31m[1m[vite][22m[39m [31mhttp proxy error: /api/auth/session[39m
AggregateError [ECONNREFUSED]: 
    at internalConnectMultiple (node:net:1134:18)
    at afterConnectMultiple (node:net:1715:7)
[2m12:46:36 AM[22m [31m[1m[vite][22m[39m [31mhttp proxy error: /api/auth/session[39m
AggregateError [ECONNREFUSED]: 
    at internalConnectMultiple (node:net:1134:18)
    at afterConnectMultiple (node:net:1715:7)
[2m12:49:11 AM[22m [31m[1m[vite][22m[39m [31mhttp proxy error: /api/auth/session[39m
AggregateError [ECONNREFUSED]: 
    at internalConnectMultiple (node:net:1134:18)
    at afterConnectMultiple (node:net:1715:7)
[2m12:49:11 AM[22m [31m[1m[vite][22m[39m [31mhttp proxy error: /api/auth/session[39m
AggregateError [ECONNREFUSED]: 
    at internalConnectMultiple (node:net:1134:18)
    at afterConnectMultiple (node:net:1715:7)
[2m12:53:17 AM[22m [31m[1m[vite][22m[39m [31mhttp proxy error: /api/auth/session[39m
AggregateError [ECONNREFUSED]: 
    at internalConnectMultiple (node:net:1134:18)
    at afterConnectMultiple (node:net:1715:7)
[2m12:53:17 AM[22m [31m[1m[vite][22m[39m [31mhttp proxy error: /api/auth/session[39m
AggregateError [ECONNREFUSED]: 
    at internalConnectMultiple (node:net:1134:18)
    at afterConnectMultiple (node:net:1715:7)
[2m12:53:19 AM[22m [31m[1m[vite][22m[39m [31mhttp proxy error: /api/auth[39m
AggregateError [ECONNREFUSED]: 
    at internalConnectMultiple (node:net:1134:18)
    at afterConnectMultiple (node:net:1715:7)
[2m12:53:20 AM[22m [31m[1m[vite][22m[39m [31mhttp proxy error: /api/auth[39m
AggregateError [ECONNREFUSED]: 
    at internalConnectMultiple (node:net:1134:18)
    at afterConnectMultiple (node:net:1715:7)
[2m12:53:54 AM[22m [31m[1m[vite][22m[39m [31mhttp proxy error: /api/auth/session[39m
AggregateError [ECONNREFUSED]: 
    at internalConnectMultiple (node:net:1134:18)
    at afterConnectMultiple (node:net:1715:7)
[2m12:53:54 AM[22m [31m[1m[vite][22m[39m [31mhttp proxy error: /api/auth/session[39m
AggregateError [ECONNREFUSED]: 
    at internalConnectMultiple (node:net:1134:18)
    at afterConnectMultiple (node:net:1715:7)
[2m12:54:03 AM[22m [31m[1m[vite][22m[39m [31mhttp proxy error: /api/auth/session[39m
AggregateError [ECONNREFUSED]: 
    at internalConnectMultiple (node:net:1134:18)
    at afterConnectMultiple (node:net:1715:7)
[2m12:54:03 AM[22m [31m[1m[vite][22m[39m [31mhttp proxy error: /api/auth/session[39m
AggregateError [ECONNREFUSED]: 
    at internalConnectMultiple (node:net:1134:18)
    at afterConnectMultiple (node:net:1715:7)
[2m1:09:15 AM[22m [31m[1m[vite][22m[39m [31mhttp proxy error: /api/auth/session[39m
AggregateError [ECONNREFUSED]: 
    at internalConnectMultiple (node:net:1134:18)
    at afterConnectMultiple (node:net:1715:7)
[2m1:09:15 AM[22m [31m[1m[vite][22m[39m [31mhttp proxy error: /api/auth/session[39m
AggregateError [ECONNREFUSED]: 
    at internalConnectMultiple (node:net:1134:18)
    at afterConnectMultiple (node:net:1715:7)
[2m1:21:50 AM[22m [31m[1m[vite][22m[39m [31mhttp proxy error: /api/auth/session[39m
AggregateError [ECONNREFUSED]: 
    at internalConnectMultiple (node:net:1134:18)
    at afterConnectMultiple (node:net:1715:7)
[2m1:21:50 AM[22m [31m[1m[vite][22m[39m [31mhttp proxy error: /api/auth/session[39m
AggregateError [ECONNREFUSED]: 
    at internalConnectMultiple (node:net:1134:18)
    at afterConnectMultiple (node:net:1715:7)
[2m1:22:27 AM[22m [31m[1m[vite][22m[39m [31mhttp proxy error: /api/auth/session[39m
AggregateError [ECONNREFUSED]: 
    at internalConnectMultiple (node:net:1134:18)
    at afterConnectMultiple (node:net:1715:7)
[2m1:22:27 AM[22m [31m[1m[vite][22m[39m [31mhttp proxy error: /api/auth/session[39m
AggregateError [ECONNREFUSED]: 
    at internalConnectMultiple (node:net:1134:18)
    at afterConnectMultiple (node:net:1715:7)
[2m1:22:36 AM[22m [31m[1m[vite][22m[39m [31mhttp proxy error: /api/auth/session[39m
AggregateError [ECONNREFUSED]: 
    at internalConnectMultiple (node:net:1134:18)
    at afterConnectMultiple (node:net:1715:7)
[2m1:22:36 AM[22m [31m[1m[vite][22m[39m [31mhttp proxy error: /api/auth/session[39m
AggregateError [ECONNREFUSED]: 
    at internalConnectMultiple (node:net:1134:18)
    at afterConnectMultiple (node:net:1715:7)
[2m1:23:08 AM[22m [31m[1m[vite][22m[39m [31mhttp proxy error: /api/auth/session[39m
AggregateError [ECONNREFUSED]: 
    at internalConnectMultiple (node:net:1134:18)
    at afterConnectMultiple (node:net:1715:7)
[2m1:23:08 AM[22m [31m[1m[vite][22m[39m [31mhttp proxy error: /api/auth/session[39m
AggregateError [ECONNREFUSED]: 
    at internalConnectMultiple (node:net:1134:18)
    at afterConnectMultiple (node:net:1715:7)
[2m1:23:10 AM[22m [31m[1m[vite][22m[39m [31mhttp proxy error: /api/auth/session[39m
AggregateError [ECONNREFUSED]: 
    at internalConnectMultiple (node:net:1134:18)
    at afterConnectMultiple (node:net:1715:7)
[2m1:23:10 AM[22m [31m[1m[vite][22m[39m [31mhttp proxy error: /api/auth/session[39m
AggregateError [ECONNREFUSED]: 
    at internalConnectMultiple (node:net:1134:18)
    at afterConnectMultiple (node:net:1715:7)
[2m1:23:12 AM[22m [31m[1m[vite][22m[39m [31mhttp proxy error: /api/auth/session[39m
AggregateError [ECONNREFUSED]: 
    at internalConnectMultiple (node:net:1134:18)
    at afterConnectMultiple (node:net:1715:7)
[2m1:23:12 AM[22m [31m[1m[vite][22m[39m [31mhttp proxy error: /api/auth/session[39m
AggregateError [ECONNREFUSED]: 
    at internalConnectMultiple (node:net:1134:18)
    at afterConnectMultiple (node:net:1715:7)
